1603835313435	geckodriver	INFO	Listening on 127.0.0.1:41611
1603835313439	mozrunner::runner	INFO	Running command: "/usr/bin/firefox" "--marionette" "-foreground" "-no-remote" "-profile" "/tmp/rust_mozprofileRsWSVo"
console.warn: SearchSettings: "get: No settings file exists, new profile?" (new Error("", "(unknown module)"))
1603835315125	Marionette	INFO	Listening on port 32773
1603835315158	Marionette	WARN	TLS certificate errors will be ignored for this session
1603836494255	Marionette	INFO	Stopped listening on port 32773
1603836537030	geckodriver	INFO	Listening on 127.0.0.1:53805
1603836537034	mozrunner::runner	INFO	Running command: "/usr/bin/firefox" "--marionette" "-foreground" "-no-remote" "-profile" "/tmp/rust_mozprofileyqmHLA"
console.warn: SearchSettings: "get: No settings file exists, new profile?" (new Error("", "(unknown module)"))
1603836538751	Marionette	INFO	Listening on port 32807
1603836538855	Marionette	WARN	TLS certificate errors will be ignored for this session
1603836726964	Marionette	INFO	Stopped listening on port 32807
1603836733898	geckodriver	INFO	Listening on 127.0.0.1:58041
1603836733901	mozrunner::runner	INFO	Running command: "/usr/bin/firefox" "--marionette" "-foreground" "-no-remote" "-profile" "/tmp/rust_mozprofilexh3iar"
console.warn: SearchSettings: "get: No settings file exists, new profile?" (new Error("", "(unknown module)"))
1603836735630	Marionette	INFO	Listening on port 44015
1603836735721	Marionette	WARN	TLS certificate errors will be ignored for this session
1603836770004	Marionette	INFO	Stopped listening on port 44015
1603836773929	geckodriver	INFO	Listening on 127.0.0.1:36155
1603836773933	mozrunner::runner	INFO	Running command: "/usr/bin/firefox" "--marionette" "-foreground" "-no-remote" "-profile" "/tmp/rust_mozprofiletA2onq"
console.warn: SearchSettings: "get: No settings file exists, new profile?" (new Error("", "(unknown module)"))
1603836775554	Marionette	INFO	Listening on port 33825
1603836775654	Marionette	WARN	TLS certificate errors will be ignored for this session
1603836791156	Marionette	INFO	Stopped listening on port 33825
1603837067409	geckodriver	INFO	Listening on 127.0.0.1:60975
1603837067412	mozrunner::runner	INFO	Running command: "/usr/bin/firefox" "--marionette" "-foreground" "-no-remote" "-profile" "/tmp/rust_mozprofiletVWtdm"
console.warn: SearchSettings: "get: No settings file exists, new profile?" (new Error("", "(unknown module)"))
1603837069028	Marionette	INFO	Listening on port 41009
1603837069171	Marionette	WARN	TLS certificate errors will be ignored for this session
1603837075567	Marionette	INFO	Stopped listening on port 41009
1603837114996	geckodriver	INFO	Listening on 127.0.0.1:53335
1603837115000	mozrunner::runner	INFO	Running command: "/usr/bin/firefox" "--marionette" "-foreground" "-no-remote" "-profile" "/tmp/rust_mozprofileLDSB9A"
console.warn: SearchSettings: "get: No settings file exists, new profile?" (new Error("", "(unknown module)"))
1603837116308	Marionette	INFO	Listening on port 45509
1603837116613	Marionette	WARN	TLS certificate errors will be ignored for this session
1603837123078	Marionette	INFO	Stopped listening on port 45509
1603837162192	geckodriver	INFO	Listening on 127.0.0.1:40069
1603837162195	mozrunner::runner	INFO	Running command: "/usr/bin/firefox" "--marionette" "-foreground" "-no-remote" "-profile" "/tmp/rust_mozprofilesqiYWA"
console.warn: SearchSettings: "get: No settings file exists, new profile?" (new Error("", "(unknown module)"))
1603837163866	Marionette	INFO	Listening on port 37365
1603837163913	Marionette	WARN	TLS certificate errors will be ignored for this session
1603837212537	geckodriver	INFO	Listening on 127.0.0.1:48475
1603837212541	mozrunner::runner	INFO	Running command: "/usr/bin/firefox" "--marionette" "-foreground" "-no-remote" "-profile" "/tmp/rust_mozprofileOjEy2s"
console.warn: SearchSettings: "get: No settings file exists, new profile?" (new Error("", "(unknown module)"))
1603837214197	Marionette	INFO	Listening on port 45593
1603837214259	Marionette	WARN	TLS certificate errors will be ignored for this session
1603837725363	geckodriver	INFO	Listening on 127.0.0.1:34903
1603837725367	mozrunner::runner	INFO	Running command: "/usr/bin/firefox" "--marionette" "-foreground" "-no-remote" "-profile" "/tmp/rust_mozprofileaomozC"
console.warn: SearchSettings: "get: No settings file exists, new profile?" (new Error("", "(unknown module)"))
1603837727064	Marionette	INFO	Listening on port 45119
1603837727085	Marionette	WARN	TLS certificate errors will be ignored for this session
1603837840207	geckodriver	INFO	Listening on 127.0.0.1:34059
1603837840211	mozrunner::runner	INFO	Running command: "/usr/bin/firefox" "--marionette" "-foreground" "-no-remote" "-profile" "/tmp/rust_mozprofile94Zu7o"
console.warn: SearchSettings: "get: No settings file exists, new profile?" (new Error("", "(unknown module)"))
1603837841489	Marionette	INFO	Listening on port 43371
1603837841555	Marionette	WARN	TLS certificate errors will be ignored for this session
Exiting due to channel error.
Exiting due to channel error.
Exiting due to channel error.
IPDL protocol error: Handler returned error code!

###!!! [Parent][DispatchAsyncMessage] Error: PLayerTransaction::Msg_ReleaseLayer Processing error: message was deserialized, but the handler returned false (indicating failure)

IPDL protocol error: Handler returned error code!

###!!! [Parent][DispatchAsyncMessage] Error: PLayerTransaction::Msg_ReleaseLayer Processing error: message was deserialized, but the handler returned false (indicating failure)

IPDL protocol error: Handler returned error code!

###!!! [Parent][DispatchAsyncMessage] Error: PLayerTransaction::Msg_ReleaseLayer Processing error: message was deserialized, but the handler returned false (indicating failure)

IPDL protocol error: Handler returned error code!

###!!! [Parent][DispatchAsyncMessage] Error: PLayerTransaction::Msg_ReleaseLayer Processing error: message was deserialized, but the handler returned false (indicating failure)

IPDL protocol error: Handler returned error code!

###!!! [Parent][DispatchAsyncMessage] Error: PLayerTransaction::Msg_ReleaseLayer Processing error: message was deserialized, but the handler returned false (indicating failure)

IPDL protocol error: Handler returned error code!

###!!! [Parent][DispatchAsyncMessage] Error: PLayerTransaction::Msg_ReleaseLayer Processing error: message was deserialized, but the handler returned false (indicating failure)

1603837863924	Marionette	INFO	Stopped listening on port 45593
1603837866363	Marionette	INFO	Stopped listening on port 37365
1603838045228	geckodriver	INFO	Listening on 127.0.0.1:48149
1603838045232	mozrunner::runner	INFO	Running command: "/usr/bin/firefox" "--marionette" "-foreground" "-no-remote" "-profile" "/tmp/rust_mozprofileQSIQch"
console.warn: SearchSettings: "get: No settings file exists, new profile?" (new Error("", "(unknown module)"))
1603838046845	Marionette	INFO	Listening on port 38055
1603838046965	Marionette	WARN	TLS certificate errors will be ignored for this session
Exiting due to channel error.
Exiting due to channel error.
Exiting due to channel error.
IPDL protocol error: Handler returned error code!

###!!! [Parent][DispatchAsyncMessage] Error: PLayerTransaction::Msg_ReleaseLayer Processing error: message was deserialized, but the handler returned false (indicating failure)

IPDL protocol error: Handler returned error code!

###!!! [Parent][DispatchAsyncMessage] Error: PLayerTransaction::Msg_ReleaseLayer Processing error: message was deserialized, but the handler returned false (indicating failure)

IPDL protocol error: Handler returned error code!

###!!! [Parent][DispatchAsyncMessage] Error: PLayerTransaction::Msg_ReleaseLayer Processing error: message was deserialized, but the handler returned false (indicating failure)

IPDL protocol error: Handler returned error code!

###!!! [Parent][DispatchAsyncMessage] Error: PLayerTransaction::Msg_ReleaseLayer Processing error: message was deserialized, but the handler returned false (indicating failure)

IPDL protocol error: Handler returned error code!

###!!! [Parent][DispatchAsyncMessage] Error: PLayerTransaction::Msg_ReleaseLayer Processing error: message was deserialized, but the handler returned false (indicating failure)

IPDL protocol error: Handler returned error code!

###!!! [Parent][DispatchAsyncMessage] Error: PLayerTransaction::Msg_ReleaseLayer Processing error: message was deserialized, but the handler returned false (indicating failure)

1603838097466	Marionette	INFO	Stopped listening on port 45119
1603838292457	geckodriver	INFO	Listening on 127.0.0.1:58371
1603838292461	mozrunner::runner	INFO	Running command: "/usr/bin/firefox" "--marionette" "-foreground" "-no-remote" "-profile" "/tmp/rust_mozprofilegzN1KC"
console.warn: SearchSettings: "get: No settings file exists, new profile?" (new Error("", "(unknown module)"))
1603838294110	Marionette	INFO	Listening on port 37937
1603838294200	Marionette	WARN	TLS certificate errors will be ignored for this session
Exiting due to channel error.
Exiting due to channel error.
Exiting due to channel error.
1603838802438	geckodriver	INFO	Listening on 127.0.0.1:53165
1603838802442	mozrunner::runner	INFO	Running command: "/usr/bin/firefox" "--marionette" "-foreground" "-no-remote" "-profile" "/tmp/rust_mozprofileevo7eO"
console.warn: SearchSettings: "get: No settings file exists, new profile?" (new Error("", "(unknown module)"))
1603838803836	Marionette	INFO	Listening on port 45827
1603838803898	Marionette	WARN	TLS certificate errors will be ignored for this session
console.warn: "Async method failed in safeAsyncMethod" (new Error("Connection closed, pending request to server0.conn0.child2/domwalker24, type cancelPick failed\n\nRequest stack:\nrequest@resource://devtools/shared/protocol/Front.js:274:14\ngenerateRequestMethods/</frontProto[name]@resource://devtools/shared/protocol/Front/FrontClassWithSpec.js:46:19\ncancelPick@resource://devtools/client/fronts/walker.js:617:18\nexports.safeAsyncMethod/<@resource://devtools/shared/async-utils.js:57:25\n_onInspectorFrontDestroyed@resource://devtools/client/inspector/node-picker.js:112:18\n_emit@resource://devtools/shared/event-emitter.js:226:34\nemit@resource://devtools/shared/event-emitter.js:172:18\nemit@resource://devtools/shared/event-emitter.js:324:18\nunmanage@resource://devtools/shared/protocol/Front.js:154:37\ndestroy@resource://devtools/shared/protocol/Pool.js:167:14\ndestroy@resource://devtools/shared/protocol/Front.js:65:11\ndestroy@resource://devtools/client/fronts/inspector.js:104:11\n_destroyTarget@resource://devtools/client/fronts/targets/target-mixin.js:657:17\n", "resource://devtools/shared/protocol/Front.js", 98))
IPDL protocol error: Handler returned error code!

###!!! [Parent][DispatchAsyncMessage] Error: PLayerTransaction::Msg_ReleaseLayer Processing error: message was deserialized, but the handler returned false (indicating failure)

IPDL protocol error: Handler returned error code!

###!!! [Parent][DispatchAsyncMessage] Error: PLayerTransaction::Msg_ReleaseLayer Processing error: message was deserialized, but the handler returned false (indicating failure)

IPDL protocol error: Handler returned error code!

###!!! [Parent][DispatchAsyncMessage] Error: PLayerTransaction::Msg_ReleaseLayer Processing error: message was deserialized, but the handler returned false (indicating failure)

IPDL protocol error: Handler returned error code!

###!!! [Parent][DispatchAsyncMessage] Error: PLayerTransaction::Msg_ReleaseLayer Processing error: message was deserialized, but the handler returned false (indicating failure)

IPDL protocol error: Handler returned error code!

###!!! [Parent][DispatchAsyncMessage] Error: PLayerTransaction::Msg_ReleaseLayer Processing error: message was deserialized, but the handler returned false (indicating failure)

IPDL protocol error: Handler returned error code!

###!!! [Parent][DispatchAsyncMessage] Error: PLayerTransaction::Msg_ReleaseLayer Processing error: message was deserialized, but the handler returned false (indicating failure)

IPDL protocol error: Handler returned error code!

###!!! [Parent][DispatchAsyncMessage] Error: PLayerTransaction::Msg_ReleaseLayer Processing error: message was deserialized, but the handler returned false (indicating failure)

IPDL protocol error: Handler returned error code!

###!!! [Parent][DispatchAsyncMessage] Error: PLayerTransaction::Msg_ReleaseLayer Processing error: message was deserialized, but the handler returned false (indicating failure)

IPDL protocol error: Handler returned error code!

###!!! [Parent][DispatchAsyncMessage] Error: PLayerTransaction::Msg_ReleaseLayer Processing error: message was deserialized, but the handler returned false (indicating failure)

IPDL protocol error: Handler returned error code!

###!!! [Parent][DispatchAsyncMessage] Error: PLayerTransaction::Msg_ReleaseLayer Processing error: message was deserialized, but the handler returned false (indicating failure)

IPDL protocol error: Handler returned error code!

###!!! [Parent][DispatchAsyncMessage] Error: PLayerTransaction::Msg_ReleaseLayer Processing error: message was deserialized, but the handler returned false (indicating failure)

IPDL protocol error: Handler returned error code!

###!!! [Parent][DispatchAsyncMessage] Error: PLayerTransaction::Msg_ReleaseLayer Processing error: message was deserialized, but the handler returned false (indicating failure)

IPDL protocol error: Handler returned error code!

###!!! [Parent][DispatchAsyncMessage] Error: PLayerTransaction::Msg_ReleaseLayer Processing error: message was deserialized, but the handler returned false (indicating failure)

1603838840796	Marionette	INFO	Stopped listening on port 45827
1603839196969	geckodriver	INFO	Listening on 127.0.0.1:49847
1603839196973	mozrunner::runner	INFO	Running command: "/usr/bin/firefox" "--marionette" "-foreground" "-no-remote" "-profile" "/tmp/rust_mozprofileZcpZZd"
console.warn: SearchSettings: "get: No settings file exists, new profile?" (new Error("", "(unknown module)"))
1603839198643	Marionette	INFO	Listening on port 37507
1603839198720	Marionette	WARN	TLS certificate errors will be ignored for this session
1603839253175	Marionette	INFO	Stopped listening on port 37507
1603839454877	geckodriver	INFO	Listening on 127.0.0.1:50157
1603839454881	mozrunner::runner	INFO	Running command: "/usr/bin/firefox" "--marionette" "-foreground" "-no-remote" "-profile" "/tmp/rust_mozprofileBF608r"
console.warn: SearchSettings: "get: No settings file exists, new profile?" (new Error("", "(unknown module)"))
1603839456191	Marionette	INFO	Listening on port 45035
1603839456495	Marionette	WARN	TLS certificate errors will be ignored for this session
1603839507718	Marionette	INFO	Stopped listening on port 45035
1603839518001	geckodriver	INFO	Listening on 127.0.0.1:43375
1603839518004	mozrunner::runner	INFO	Running command: "/usr/bin/firefox" "--marionette" "-foreground" "-no-remote" "-profile" "/tmp/rust_mozprofilevp65JT"
console.warn: SearchSettings: "get: No settings file exists, new profile?" (new Error("", "(unknown module)"))
1603839519360	Marionette	INFO	Listening on port 36519
1603839519621	Marionette	WARN	TLS certificate errors will be ignored for this session
1603839814057	Marionette	INFO	Stopped listening on port 36519
1603840140703	geckodriver	INFO	Listening on 127.0.0.1:40593
1603840140706	mozrunner::runner	INFO	Running command: "/usr/bin/firefox" "--marionette" "-foreground" "-no-remote" "-profile" "/tmp/rust_mozprofileEkLu6v"
console.warn: SearchSettings: "get: No settings file exists, new profile?" (new Error("", "(unknown module)"))
1603840142530	Marionette	INFO	Listening on port 36819
1603840142625	Marionette	WARN	TLS certificate errors will be ignored for this session
1603840196021	geckodriver	INFO	Listening on 127.0.0.1:52193
1603840196025	mozrunner::runner	INFO	Running command: "/usr/bin/firefox" "--marionette" "-foreground" "-no-remote" "-profile" "/tmp/rust_mozprofileDNYCsT"
console.warn: SearchSettings: "get: No settings file exists, new profile?" (new Error("", "(unknown module)"))
1603840197342	Marionette	INFO	Listening on port 45275
1603840197596	Marionette	WARN	TLS certificate errors will be ignored for this session
1603840238022	Marionette	INFO	Stopped listening on port 36819
1603840240455	Marionette	INFO	Stopped listening on port 45275
1603840258277	geckodriver	INFO	Listening on 127.0.0.1:37677
1603840258280	mozrunner::runner	INFO	Running command: "/usr/bin/firefox" "--marionette" "-foreground" "-no-remote" "-profile" "/tmp/rust_mozprofileb4K6vJ"
console.warn: SearchSettings: "get: No settings file exists, new profile?" (new Error("", "(unknown module)"))
1603840259964	Marionette	INFO	Listening on port 41705
1603840260001	Marionette	WARN	TLS certificate errors will be ignored for this session
1603840266804	Marionette	INFO	Stopped listening on port 41705
1603840799136	geckodriver	INFO	Listening on 127.0.0.1:36173
1603840799140	mozrunner::runner	INFO	Running command: "/usr/bin/firefox" "--marionette" "-foreground" "-no-remote" "-profile" "/tmp/rust_mozprofileJnAKSH"
console.warn: SearchSettings: "get: No settings file exists, new profile?" (new Error("", "(unknown module)"))
1603840800879	Marionette	INFO	Listening on port 34527
1603840801003	Marionette	WARN	TLS certificate errors will be ignored for this session
1603840807608	Marionette	INFO	Stopped listening on port 34527
1603841154584	geckodriver	INFO	Listening on 127.0.0.1:52553
1603841154588	mozrunner::runner	INFO	Running command: "/usr/bin/firefox" "--marionette" "-foreground" "-no-remote" "-profile" "/tmp/rust_mozprofile5D6RAQ"
console.warn: SearchSettings: "get: No settings file exists, new profile?" (new Error("", "(unknown module)"))
1603841156181	Marionette	INFO	Listening on port 45007
1603841156227	Marionette	WARN	TLS certificate errors will be ignored for this session
1603841164584	Marionette	INFO	Stopped listening on port 45007
1603841236642	geckodriver	INFO	Listening on 127.0.0.1:48405
1603841236645	mozrunner::runner	INFO	Running command: "/usr/bin/firefox" "--marionette" "-foreground" "-no-remote" "-profile" "/tmp/rust_mozprofileUjFz8r"
console.warn: SearchSettings: "get: No settings file exists, new profile?" (new Error("", "(unknown module)"))
1603841238377	Marionette	INFO	Listening on port 43653
1603841238496	Marionette	WARN	TLS certificate errors will be ignored for this session
1603841244930	Marionette	INFO	Stopped listening on port 43653
1604097315214	geckodriver	INFO	Listening on 127.0.0.1:47957
1604097316228	mozrunner::runner	INFO	Running command: "/usr/bin/firefox" "--marionette" "-foreground" "-no-remote" "-profile" "/tmp/rust_mozprofileMb5eAz"
console.warn: SearchSettings: "get: No settings file exists, new profile?" (new Error("", "(unknown module)"))
1604097317980	Marionette	INFO	Listening on port 43801
1604097318084	Marionette	WARN	TLS certificate errors will be ignored for this session
Exiting due to channel error.
Exiting due to channel error.
Exiting due to channel error.
1604097356541	geckodriver	INFO	Listening on 127.0.0.1:58933
1604097356545	mozrunner::runner	INFO	Running command: "/usr/bin/firefox" "--marionette" "-foreground" "-no-remote" "-profile" "/tmp/rust_mozprofileSH3bZC"
console.warn: SearchSettings: "get: No settings file exists, new profile?" (new Error("", "(unknown module)"))
1604097358302	Marionette	INFO	Listening on port 44681
1604097358372	Marionette	WARN	TLS certificate errors will be ignored for this session
1604097508031	geckodriver	INFO	Listening on 127.0.0.1:44247
1604097508034	mozrunner::runner	INFO	Running command: "/usr/bin/firefox" "--marionette" "-foreground" "-no-remote" "-profile" "/tmp/rust_mozprofilevcIle8"
console.warn: SearchSettings: "get: No settings file exists, new profile?" (new Error("", "(unknown module)"))
1604097509887	Marionette	INFO	Listening on port 46865
1604097509956	Marionette	WARN	TLS certificate errors will be ignored for this session
Exiting due to channel error.
Exiting due to channel error.
Exiting due to channel error.
1604097605857	geckodriver	INFO	Listening on 127.0.0.1:56447
1604097605861	mozrunner::runner	INFO	Running command: "/usr/bin/firefox" "--marionette" "-foreground" "-no-remote" "-profile" "/tmp/rust_mozprofileB6yZVL"
console.warn: SearchSettings: "get: No settings file exists, new profile?" (new Error("", "(unknown module)"))
1604097607574	Marionette	INFO	Listening on port 35075
1604097607686	Marionette	WARN	TLS certificate errors will be ignored for this session
Exiting due to channel error.
Exiting due to channel error.
Exiting due to channel error.
console.error: "Error while calling actor 'pagestyle's method 'getLayout'" "node is null"
console.error: "getLayout@resource://devtools/server/actors/styles.js:989:5\nhandler@resource://devtools/shared/protocol/Actor.js:172:37\nonPacket@resource://devtools/server/devtools-server-connection.js:379:58\nreceiveMessage@resource://devtools/shared/transport/child-transport.js:66:16\n"
console.error: (new TypeError("parent is null", "resource://devtools/client/inspector/shared/style-change-tracker.js", 67))
TypeError: parent is null: canMutationImpactCurrentStyles@resource://devtools/client/inspector/shared/style-change-tracker.js:67:24
onMutations@resource://devtools/client/inspector/shared/style-change-tracker.js:84:41
_emit@resource://devtools/shared/event-emitter.js:226:34
emit@resource://devtools/shared/event-emitter.js:172:18
emit@resource://devtools/shared/event-emitter.js:324:18
getMutations@resource://devtools/client/fronts/walker.js:405:10

console.error: (new TypeError("container.node.targetFront is null", "resource://devtools/client/inspector/markup/markup.js", 2252))
console.error: (new TypeError("container.node.targetFront is null", "resource://devtools/client/inspector/markup/markup.js", 2252))
console.error: (new TypeError("container.node.targetFront is null", "resource://devtools/client/inspector/markup/markup.js", 2252))
console.error: (new Error("Protocol error (TypeError): node is null from: server0.conn0.child2/pagestyle26 (resource://devtools/server/actors/styles.js:989:5)", "resource://devtools/shared/protocol/Front.js", 341))
1604098211714	geckodriver	INFO	Listening on 127.0.0.1:57307
1604098211717	mozrunner::runner	INFO	Running command: "/usr/bin/firefox" "--marionette" "-foreground" "-no-remote" "-profile" "/tmp/rust_mozprofilenqqxsx"
console.warn: SearchSettings: "get: No settings file exists, new profile?" (new Error("", "(unknown module)"))
1604098213444	Marionette	INFO	Listening on port 35823
1604098213587	Marionette	WARN	TLS certificate errors will be ignored for this session
Exiting due to channel error.
Exiting due to channel error.
Exiting due to channel error.
1604098254691	geckodriver	INFO	Listening on 127.0.0.1:60171
1604098254695	mozrunner::runner	INFO	Running command: "/usr/bin/firefox" "--marionette" "-foreground" "-no-remote" "-profile" "/tmp/rust_mozprofilelaIEea"
console.warn: SearchSettings: "get: No settings file exists, new profile?" (new Error("", "(unknown module)"))
1604098256482	Marionette	INFO	Listening on port 43115
1604098256517	Marionette	WARN	TLS certificate errors will be ignored for this session
1604098369011	geckodriver	INFO	Listening on 127.0.0.1:56283
1604098369016	mozrunner::runner	INFO	Running command: "/usr/bin/firefox" "--marionette" "-foreground" "-no-remote" "-profile" "/tmp/rust_mozprofile08T3JV"
console.warn: SearchSettings: "get: No settings file exists, new profile?" (new Error("", "(unknown module)"))
1604098370697	Marionette	INFO	Listening on port 35071
1604098370734	Marionette	WARN	TLS certificate errors will be ignored for this session
1604098402293	Marionette	INFO	Stopped listening on port 35071
IPDL protocol error: Handler returned error code!

###!!! [Parent][DispatchAsyncMessage] Error: PLayerTransaction::Msg_ReleaseLayer Processing error: message was deserialized, but the handler returned false (indicating failure)

IPDL protocol error: Handler returned error code!

###!!! [Parent][DispatchAsyncMessage] Error: PLayerTransaction::Msg_ReleaseLayer Processing error: message was deserialized, but the handler returned false (indicating failure)

IPDL protocol error: Handler returned error code!

###!!! [Parent][DispatchAsyncMessage] Error: PLayerTransaction::Msg_ReleaseLayer Processing error: message was deserialized, but the handler returned false (indicating failure)

IPDL protocol error: Handler returned error code!

###!!! [Parent][DispatchAsyncMessage] Error: PLayerTransaction::Msg_ReleaseLayer Processing error: message was deserialized, but the handler returned false (indicating failure)

IPDL protocol error: Handler returned error code!

###!!! [Parent][DispatchAsyncMessage] Error: PLayerTransaction::Msg_ReleaseLayer Processing error: message was deserialized, but the handler returned false (indicating failure)

IPDL protocol error: Handler returned error code!

###!!! [Parent][DispatchAsyncMessage] Error: PLayerTransaction::Msg_ReleaseLayer Processing error: message was deserialized, but the handler returned false (indicating failure)

IPDL protocol error: Handler returned error code!

###!!! [Parent][DispatchAsyncMessage] Error: PLayerTransaction::Msg_ReleaseLayer Processing error: message was deserialized, but the handler returned false (indicating failure)

IPDL protocol error: Handler returned error code!

###!!! [Parent][DispatchAsyncMessage] Error: PLayerTransaction::Msg_ReleaseLayer Processing error: message was deserialized, but the handler returned false (indicating failure)

IPDL protocol error: Handler returned error code!

###!!! [Parent][DispatchAsyncMessage] Error: PLayerTransaction::Msg_ReleaseLayer Processing error: message was deserialized, but the handler returned false (indicating failure)

IPDL protocol error: Handler returned error code!

###!!! [Parent][DispatchAsyncMessage] Error: PLayerTransaction::Msg_ReleaseLayer Processing error: message was deserialized, but the handler returned false (indicating failure)

IPDL protocol error: Handler returned error code!

###!!! [Parent][DispatchAsyncMessage] Error: PLayerTransaction::Msg_ReleaseLayer Processing error: message was deserialized, but the handler returned false (indicating failure)

IPDL protocol error: Handler returned error code!

###!!! [Parent][DispatchAsyncMessage] Error: PLayerTransaction::Msg_ReleaseLayer Processing error: message was deserialized, but the handler returned false (indicating failure)

IPDL protocol error: Handler returned error code!

###!!! [Parent][DispatchAsyncMessage] Error: PLayerTransaction::Msg_ReleaseLayer Processing error: message was deserialized, but the handler returned false (indicating failure)

1604098403617	Marionette	INFO	Stopped listening on port 43115
IPDL protocol error: Handler returned error code!

###!!! [Parent][DispatchAsyncMessage] Error: PLayerTransaction::Msg_ReleaseLayer Processing error: message was deserialized, but the handler returned false (indicating failure)

IPDL protocol error: Handler returned error code!

###!!! [Parent][DispatchAsyncMessage] Error: PLayerTransaction::Msg_ReleaseLayer Processing error: message was deserialized, but the handler returned false (indicating failure)

IPDL protocol error: Handler returned error code!

###!!! [Parent][DispatchAsyncMessage] Error: PLayerTransaction::Msg_ReleaseLayer Processing error: message was deserialized, but the handler returned false (indicating failure)

IPDL protocol error: Handler returned error code!

###!!! [Parent][DispatchAsyncMessage] Error: PLayerTransaction::Msg_ReleaseLayer Processing error: message was deserialized, but the handler returned false (indicating failure)

IPDL protocol error: Handler returned error code!

###!!! [Parent][DispatchAsyncMessage] Error: PLayerTransaction::Msg_ReleaseLayer Processing error: message was deserialized, but the handler returned false (indicating failure)

IPDL protocol error: Handler returned error code!

###!!! [Parent][DispatchAsyncMessage] Error: PLayerTransaction::Msg_ReleaseLayer Processing error: message was deserialized, but the handler returned false (indicating failure)

IPDL protocol error: Handler returned error code!

###!!! [Parent][DispatchAsyncMessage] Error: PLayerTransaction::Msg_ReleaseLayer Processing error: message was deserialized, but the handler returned false (indicating failure)

IPDL protocol error: Handler returned error code!

###!!! [Parent][DispatchAsyncMessage] Error: PLayerTransaction::Msg_ReleaseLayer Processing error: message was deserialized, but the handler returned false (indicating failure)

IPDL protocol error: Handler returned error code!

###!!! [Parent][DispatchAsyncMessage] Error: PLayerTransaction::Msg_ReleaseLayer Processing error: message was deserialized, but the handler returned false (indicating failure)

IPDL protocol error: Handler returned error code!

###!!! [Parent][DispatchAsyncMessage] Error: PLayerTransaction::Msg_ReleaseLayer Processing error: message was deserialized, but the handler returned false (indicating failure)

IPDL protocol error: Handler returned error code!

###!!! [Parent][DispatchAsyncMessage] Error: PLayerTransaction::Msg_ReleaseLayer Processing error: message was deserialized, but the handler returned false (indicating failure)

IPDL protocol error: Handler returned error code!

###!!! [Parent][DispatchAsyncMessage] Error: PLayerTransaction::Msg_ReleaseLayer Processing error: message was deserialized, but the handler returned false (indicating failure)

IPDL protocol error: Handler returned error code!

###!!! [Parent][DispatchAsyncMessage] Error: PLayerTransaction::Msg_ReleaseLayer Processing error: message was deserialized, but the handler returned false (indicating failure)

1604098406821	Marionette	INFO	Stopped listening on port 44681
1604098553540	geckodriver	INFO	Listening on 127.0.0.1:38263
1604098553543	mozrunner::runner	INFO	Running command: "/usr/bin/firefox" "--marionette" "-foreground" "-no-remote" "-profile" "/tmp/rust_mozprofileDAuGdp"
console.warn: SearchSettings: "get: No settings file exists, new profile?" (new Error("", "(unknown module)"))
1604098555209	Marionette	INFO	Listening on port 42013
1604098555261	Marionette	WARN	TLS certificate errors will be ignored for this session
Exiting due to channel error.
Exiting due to channel error.
Exiting due to channel error.
1604098661183	geckodriver	INFO	Listening on 127.0.0.1:60239
1604098661187	mozrunner::runner	INFO	Running command: "/usr/bin/firefox" "--marionette" "-foreground" "-no-remote" "-profile" "/tmp/rust_mozprofileb3D0rx"
console.warn: SearchSettings: "get: No settings file exists, new profile?" (new Error("", "(unknown module)"))
1604098662952	Marionette	INFO	Listening on port 43327
1604098663027	Marionette	WARN	TLS certificate errors will be ignored for this session
IPDL protocol error: Handler returned error code!

###!!! [Parent][DispatchAsyncMessage] Error: PLayerTransaction::Msg_ReleaseLayer Processing error: message was deserialized, but the handler returned false (indicating failure)

IPDL protocol error: Handler returned error code!

###!!! [Parent][DispatchAsyncMessage] Error: PLayerTransaction::Msg_ReleaseLayer Processing error: message was deserialized, but the handler returned false (indicating failure)

IPDL protocol error: Handler returned error code!

###!!! [Parent][DispatchAsyncMessage] Error: PLayerTransaction::Msg_ReleaseLayer Processing error: message was deserialized, but the handler returned false (indicating failure)

IPDL protocol error: Handler returned error code!

###!!! [Parent][DispatchAsyncMessage] Error: PLayerTransaction::Msg_ReleaseLayer Processing error: message was deserialized, but the handler returned false (indicating failure)

IPDL protocol error: Handler returned error code!

###!!! [Parent][DispatchAsyncMessage] Error: PLayerTransaction::Msg_ReleaseLayer Processing error: message was deserialized, but the handler returned false (indicating failure)

IPDL protocol error: Handler returned error code!

###!!! [Parent][DispatchAsyncMessage] Error: PLayerTransaction::Msg_ReleaseLayer Processing error: message was deserialized, but the handler returned false (indicating failure)

IPDL protocol error: Handler returned error code!

###!!! [Parent][DispatchAsyncMessage] Error: PLayerTransaction::Msg_ReleaseLayer Processing error: message was deserialized, but the handler returned false (indicating failure)

IPDL protocol error: Handler returned error code!

###!!! [Parent][DispatchAsyncMessage] Error: PLayerTransaction::Msg_ReleaseLayer Processing error: message was deserialized, but the handler returned false (indicating failure)

IPDL protocol error: Handler returned error code!

###!!! [Parent][DispatchAsyncMessage] Error: PLayerTransaction::Msg_ReleaseLayer Processing error: message was deserialized, but the handler returned false (indicating failure)

IPDL protocol error: Handler returned error code!

###!!! [Parent][DispatchAsyncMessage] Error: PLayerTransaction::Msg_ReleaseLayer Processing error: message was deserialized, but the handler returned false (indicating failure)

IPDL protocol error: Handler returned error code!

###!!! [Parent][DispatchAsyncMessage] Error: PLayerTransaction::Msg_ReleaseLayer Processing error: message was deserialized, but the handler returned false (indicating failure)

IPDL protocol error: Handler returned error code!

###!!! [Parent][DispatchAsyncMessage] Error: PLayerTransaction::Msg_ReleaseLayer Processing error: message was deserialized, but the handler returned false (indicating failure)

IPDL protocol error: Handler returned error code!

###!!! [Parent][DispatchAsyncMessage] Error: PLayerTransaction::Msg_ReleaseLayer Processing error: message was deserialized, but the handler returned false (indicating failure)

1604098684459	Marionette	INFO	Stopped listening on port 43327
1604098778374	geckodriver	INFO	Listening on 127.0.0.1:38061
1604098778379	mozrunner::runner	INFO	Running command: "/usr/bin/firefox" "--marionette" "-foreground" "-no-remote" "-profile" "/tmp/rust_mozprofileRbAZgf"
console.warn: SearchSettings: "get: No settings file exists, new profile?" (new Error("", "(unknown module)"))
1604098780060	Marionette	INFO	Listening on port 46359
1604098780097	Marionette	WARN	TLS certificate errors will be ignored for this session
1604098801524	Marionette	INFO	Stopped listening on port 46359
1604099345542	geckodriver	INFO	Listening on 127.0.0.1:50825
1604099345546	mozrunner::runner	INFO	Running command: "/usr/bin/firefox" "--marionette" "-foreground" "-no-remote" "-profile" "/tmp/rust_mozprofileRf7r0l"
console.warn: SearchSettings: "get: No settings file exists, new profile?" (new Error("", "(unknown module)"))
1604099347289	Marionette	INFO	Listening on port 42567
1604099347367	Marionette	WARN	TLS certificate errors will be ignored for this session
1604099359520	Marionette	INFO	Stopped listening on port 42567
1604099379470	geckodriver	INFO	Listening on 127.0.0.1:48625
1604099379474	mozrunner::runner	INFO	Running command: "/usr/bin/firefox" "--marionette" "-foreground" "-no-remote" "-profile" "/tmp/rust_mozprofile6rwXUT"
console.warn: SearchSettings: "get: No settings file exists, new profile?" (new Error("", "(unknown module)"))
1604099381179	Marionette	INFO	Listening on port 44211
1604099381298	Marionette	WARN	TLS certificate errors will be ignored for this session
1604099532533	geckodriver	INFO	Listening on 127.0.0.1:60483
1604099532536	mozrunner::runner	INFO	Running command: "/usr/bin/firefox" "--marionette" "-foreground" "-no-remote" "-profile" "/tmp/rust_mozprofilegtU17K"
console.warn: SearchSettings: "get: No settings file exists, new profile?" (new Error("", "(unknown module)"))
1604099534268	Marionette	INFO	Listening on port 38855
1604099534389	Marionette	WARN	TLS certificate errors will be ignored for this session
1604099545677	Marionette	INFO	Stopped listening on port 38855
1604099620172	geckodriver	INFO	Listening on 127.0.0.1:49881
1604099620176	mozrunner::runner	INFO	Running command: "/usr/bin/firefox" "--marionette" "-foreground" "-no-remote" "-profile" "/tmp/rust_mozprofilef3DQBR"
console.warn: SearchSettings: "get: No settings file exists, new profile?" (new Error("", "(unknown module)"))
1604099621834	Marionette	INFO	Listening on port 44965
1604099621920	Marionette	WARN	TLS certificate errors will be ignored for this session
1604099630916	Marionette	INFO	Stopped listening on port 44965
1604100547387	Marionette	INFO	Stopped listening on port 44211
1604100602799	geckodriver	INFO	Listening on 127.0.0.1:51337
1604100602803	mozrunner::runner	INFO	Running command: "/usr/bin/firefox" "--marionette" "-foreground" "-no-remote" "-profile" "/tmp/rust_mozprofileaeV7Vm"
console.warn: SearchSettings: "get: No settings file exists, new profile?" (new Error("", "(unknown module)"))
1604100604644	Marionette	INFO	Listening on port 33827
1604100604721	Marionette	WARN	TLS certificate errors will be ignored for this session
1604100611585	Marionette	INFO	Stopped listening on port 33827
1604100637243	geckodriver	INFO	Listening on 127.0.0.1:59307
1604100637247	mozrunner::runner	INFO	Running command: "/usr/bin/firefox" "--marionette" "-foreground" "-no-remote" "-profile" "/tmp/rust_mozprofilemUSZxr"
console.warn: SearchSettings: "get: No settings file exists, new profile?" (new Error("", "(unknown module)"))
1604100639017	Marionette	INFO	Listening on port 45861
1604100639065	Marionette	WARN	TLS certificate errors will be ignored for this session
1604100646074	Marionette	INFO	Stopped listening on port 45861
1604101247119	geckodriver	INFO	Listening on 127.0.0.1:44173
1604101247122	mozrunner::runner	INFO	Running command: "/usr/bin/firefox" "--marionette" "-foreground" "-no-remote" "-profile" "/tmp/rust_mozprofileG3gYzu"
console.warn: SearchSettings: "get: No settings file exists, new profile?" (new Error("", "(unknown module)"))
1604101248902	Marionette	INFO	Listening on port 45663
1604101248943	Marionette	WARN	TLS certificate errors will be ignored for this session
1604101254582	Marionette	INFO	Stopped listening on port 45663
1604101439083	geckodriver	INFO	Listening on 127.0.0.1:39329
1604101439087	mozrunner::runner	INFO	Running command: "/usr/bin/firefox" "--marionette" "-foreground" "-no-remote" "-profile" "/tmp/rust_mozprofileYd1qyi"
console.warn: SearchSettings: "get: No settings file exists, new profile?" (new Error("", "(unknown module)"))
1604101440752	Marionette	INFO	Listening on port 41495
1604101440807	Marionette	WARN	TLS certificate errors will be ignored for this session
1604101448845	Marionette	INFO	Stopped listening on port 41495
1604178374393	geckodriver	INFO	Listening on 127.0.0.1:40831
1604178375393	mozrunner::runner	INFO	Running command: "/usr/bin/firefox" "--marionette" "-foreground" "-no-remote" "-profile" "/tmp/rust_mozprofiletytc1P"
console.warn: SearchSettings: "get: No settings file exists, new profile?" (new Error("", "(unknown module)"))
1604178377239	Marionette	INFO	Listening on port 35119
1604178377316	Marionette	WARN	TLS certificate errors will be ignored for this session
1604178386236	Marionette	INFO	Stopped listening on port 35119
1604358672790	geckodriver	INFO	Listening on 127.0.0.1:53477
1604358673805	mozrunner::runner	INFO	Running command: "/usr/bin/firefox" "--marionette" "-foreground" "-no-remote" "-profile" "/tmp/rust_mozprofilek5f2kT"
console.warn: SearchSettings: "get: No settings file exists, new profile?" (new Error("", "(unknown module)"))
1604358675625	Marionette	INFO	Listening on port 46029
1604358675735	Marionette	WARN	TLS certificate errors will be ignored for this session
1604358696764	Marionette	INFO	Stopped listening on port 46029
1604873405692	geckodriver	INFO	Listening on 127.0.0.1:49503
1604873406707	mozrunner::runner	INFO	Running command: "/usr/bin/firefox" "--marionette" "-foreground" "-no-remote" "-profile" "/tmp/rust_mozprofileIwQD9S"
console.warn: SearchSettings: "get: No settings file exists, new profile?" (new Error("", "(unknown module)"))
1604873408079	Marionette	INFO	Listening on port 35399
1604873408158	Marionette	WARN	TLS certificate errors will be ignored for this session
1604873428382	Marionette	INFO	Stopped listening on port 35399
1604912486059	geckodriver	INFO	Listening on 127.0.0.1:42035
1604912487070	mozrunner::runner	INFO	Running command: "/usr/bin/firefox" "--marionette" "-foreground" "-no-remote" "-profile" "/tmp/rust_mozprofilesLJtmU"
console.warn: SearchSettings: "get: No settings file exists, new profile?" (new Error("", "(unknown module)"))
1604912488886	Marionette	INFO	Listening on port 44695
1604912489010	Marionette	WARN	TLS certificate errors will be ignored for this session
1604912501363	Marionette	INFO	Stopped listening on port 44695
1605514782015	geckodriver	INFO	Listening on 127.0.0.1:55589
1605514783029	mozrunner::runner	INFO	Running command: "/usr/bin/firefox" "--marionette" "-foreground" "-no-remote" "-profile" "/tmp/rust_mozprofile8z5p2R"
console.warn: SearchSettings: "get: No settings file exists, new profile?" (new Error("", "(unknown module)"))
1605514784676	Marionette	INFO	Listening on port 35245
1605514784847	Marionette	WARN	TLS certificate errors will be ignored for this session
1605514802853	Marionette	INFO	Stopped listening on port 35245
1606119607033	geckodriver	INFO	Listening on 127.0.0.1:48591
1606119608035	mozrunner::runner	INFO	Running command: "/usr/bin/firefox" "--marionette" "-foreground" "-no-remote" "-profile" "/tmp/rust_mozprofileUssR5h"
console.warn: SearchSettings: "get: No settings file exists, new profile?" (new Error("", "(unknown module)"))
1606119609742	Marionette	INFO	Listening on port 33935
1606119609904	Marionette	WARN	TLS certificate errors will be ignored for this session
1606119644103	Marionette	INFO	Stopped listening on port 33935
1606856213106	geckodriver	INFO	Listening on 127.0.0.1:50071
1606856214108	mozrunner::runner	INFO	Running command: "/usr/bin/firefox" "--marionette" "-foreground" "-no-remote" "-profile" "/tmp/rust_mozprofiledhuvhf"
console.warn: SearchSettings: "get: No settings file exists, new profile?" (new Error("", "(unknown module)"))
1606856215749	Marionette	INFO	Listening on port 44593
1606856215844	Marionette	WARN	TLS certificate errors will be ignored for this session
1606856232311	Marionette	INFO	Stopped listening on port 44593
1607291787625	geckodriver	INFO	Listening on 127.0.0.1:39143
1607291788638	mozrunner::runner	INFO	Running command: "/usr/bin/firefox" "--marionette" "-foreground" "-no-remote" "-profile" "/tmp/rust_mozprofilexiKcbv"
console.warn: SearchSettings: "get: No settings file exists, new profile?" (new Error("", "(unknown module)"))
1607291790269	Marionette	INFO	Listening on port 45349
1607291790388	Marionette	WARN	TLS certificate errors will be ignored for this session
1607291812304	Marionette	INFO	Stopped listening on port 45349
1607292478239	geckodriver	INFO	Listening on 127.0.0.1:39793
1607292478242	mozrunner::runner	INFO	Running command: "/usr/bin/firefox" "--marionette" "-foreground" "-no-remote" "-profile" "/tmp/rust_mozprofilekiyis5"
console.warn: SearchSettings: "get: No settings file exists, new profile?" (new Error("", "(unknown module)"))
1607292479907	Marionette	INFO	Listening on port 45193
1607292479960	Marionette	WARN	TLS certificate errors will be ignored for this session
1607292502356	Marionette	INFO	Stopped listening on port 45193
1607333492597	geckodriver	INFO	Listening on 127.0.0.1:41491
1607333493618	mozrunner::runner	INFO	Running command: "/usr/bin/firefox" "--marionette" "-foreground" "-no-remote" "-profile" "/tmp/rust_mozprofilezsLQ5X"
console.warn: SearchSettings: "get: No settings file exists, new profile?" (new Error("", "(unknown module)"))
1607333499878	Marionette	INFO	Listening on port 35333
1607333500014	Marionette	WARN	TLS certificate errors will be ignored for this session
1607333515575	Marionette	INFO	Stopped listening on port 35333
1612912600233	geckodriver	INFO	Listening on 127.0.0.1:35457
1612912601235	mozrunner::runner	INFO	Running command: "/usr/bin/firefox" "--marionette" "-foreground" "-no-remote" "-profile" "/tmp/rust_mozprofilemqp6Of"
console.warn: SearchSettings: "get: No settings file exists, new profile?" (new Error("", "(unknown module)"))
console.warn: SearchSettings: "get: No settings file exists, new profile?" (new Error("", "(unknown module)"))
1612912603121	Marionette	INFO	Listening on port 36983
1612912603165	Marionette	WARN	TLS certificate errors will be ignored for this session
1612912603173	Marionette	ERROR	[15] No reply from Marionette:Register
1612912630049	Marionette	INFO	Stopped listening on port 36983

###!!! [Parent][RunMessage] Error: Channel closing: too late to send/recv, messages will be lost

1613232813309	geckodriver	INFO	Listening on 127.0.0.1:60579
1613232814319	mozrunner::runner	INFO	Running command: "/usr/bin/firefox" "--marionette" "-foreground" "-no-remote" "-profile" "/tmp/rust_mozprofile50IZd4"
console.warn: SearchSettings: "get: No settings file exists, new profile?" (new Error("", "(unknown module)"))
1613232816272	Marionette	INFO	Listening on port 35447
console.warn: SearchSettings: "get: No settings file exists, new profile?" (new Error("", "(unknown module)"))
1613232816339	Marionette	WARN	TLS certificate errors will be ignored for this session
1613232816348	Marionette	ERROR	[18] No reply from Marionette:Register
1613232831895	Marionette	INFO	Stopped listening on port 35447

###!!! [Parent][RunMessage] Error: Channel closing: too late to send/recv, messages will be lost

1613339864528	geckodriver	INFO	Listening on 127.0.0.1:43183
1613339865542	mozrunner::runner	INFO	Running command: "/usr/bin/firefox" "--marionette" "-foreground" "-no-remote" "-profile" "/tmp/rust_mozprofile68LJdz"
console.warn: SearchSettings: "get: No settings file exists, new profile?" (new Error("", "(unknown module)"))
1613339867651	Marionette	INFO	Listening on port 45675
1613339867795	Marionette	WARN	TLS certificate errors will be ignored for this session
1613339867810	Marionette	ERROR	[15] No reply from Marionette:Register
console.warn: SearchSettings: "get: No settings file exists, new profile?" (new Error("", "(unknown module)"))
1613339883635	Marionette	INFO	Stopped listening on port 45675

###!!! [Parent][RunMessage] Error: Channel closing: too late to send/recv, messages will be lost

